Using pre-set license
Built from '2020.3/staging' branch; Version is '2020.3.30f1 (1fb1bf06830e) revision 2077119'; Using compiler version '192528614'; Build Type 'Release'
OS: 'Windows 10  (10.0.19044) 64bit Core' Language: 'ko' Physical Memory: 16346 MB
BatchMode: 1, IsHumanControllingUs: 0, StartBugReporterOnCrash: 0, Is64bit: 1, IsPro: 0

COMMAND LINE ARGUMENTS:
E:\Program Files\Unity\2020.3.25f1\2020.3.30f1\Editor\Unity.exe
-adb2
-batchMode
-noUpm
-name
AssetImportWorker4
-projectPath
E:/Projects/CapstoneDesign/Capstone_co_op_Game
-logFile
Logs/AssetImportWorker4.log
-srvPort
52144
Successfully changed project path to: E:/Projects/CapstoneDesign/Capstone_co_op_Game
E:/Projects/CapstoneDesign/Capstone_co_op_Game
Using Asset Import Pipeline V2.
Refreshing native plugins compatible for Editor in 139.06 ms, found 2 plugins.
Preloading 0 native plugins for Editor in 0.00 ms.
Initialize engine version: 2020.3.30f1 (1fb1bf06830e)
[Subsystems] Discovering subsystems at path E:/Program Files/Unity/2020.3.25f1/2020.3.30f1/Editor/Data/Resources/UnitySubsystems
[Subsystems] Discovering subsystems at path E:/Projects/CapstoneDesign/Capstone_co_op_Game/Assets
GfxDevice: creating device client; threaded=0
Direct3D:
    Version:  Direct3D 11.0 [level 11.1]
    Renderer: NVIDIA GeForce GTX 1060 3GB (ID=0x1c02)
    Vendor:   
    VRAM:     2988 MB
    Driver:   27.21.14.5671
Initialize mono
Mono path[0] = 'E:/Program Files/Unity/2020.3.25f1/2020.3.30f1/Editor/Data/Managed'
Mono path[1] = 'E:/Program Files/Unity/2020.3.25f1/2020.3.30f1/Editor/Data/MonoBleedingEdge/lib/mono/unityjit'
Mono config path = 'E:/Program Files/Unity/2020.3.25f1/2020.3.30f1/Editor/Data/MonoBleedingEdge/etc'
Using monoOptions --debugger-agent=transport=dt_socket,embedding=1,server=y,suspend=n,address=127.0.0.1:56448
Begin MonoManager ReloadAssembly
Registering precompiled unity dll's ...
Register platform support module: E:/Program Files/Unity/2020.3.25f1/2020.3.30f1/Editor/Data/PlaybackEngines/WindowsStandaloneSupport/UnityEditor.WindowsStandalone.Extensions.dll
Registered in 0.007379 seconds.
Native extension for WindowsStandalone target not found
Refreshing native plugins compatible for Editor in 158.78 ms, found 2 plugins.
Preloading 0 native plugins for Editor in 0.00 ms.
Mono: successfully reloaded assembly
- Completed reload, in  1.265 seconds
Domain Reload Profiling:
	ReloadAssembly (1265ms)
		BeginReloadAssembly (132ms)
			ExecutionOrderSort (0ms)
			DisableScriptedObjects (0ms)
			BackupInstance (0ms)
			ReleaseScriptingObjects (0ms)
			CreateAndSetChildDomain (1ms)
		EndReloadAssembly (1012ms)
			LoadAssemblies (129ms)
			RebuildTransferFunctionScriptingTraits (0ms)
			SetupTypeCache (367ms)
			ReleaseScriptCaches (0ms)
			RebuildScriptCaches (53ms)
			SetupLoadedEditorAssemblies (360ms)
				LogAssemblyErrors (0ms)
				InitializePlatformSupportModulesInManaged (12ms)
				SetLoadedEditorAssemblies (0ms)
				RefreshPlugins (159ms)
				BeforeProcessingInitializeOnLoad (23ms)
				ProcessInitializeOnLoadAttributes (115ms)
				ProcessInitializeOnLoadMethodAttributes (49ms)
				AfterProcessingInitializeOnLoad (0ms)
				EditorAssembliesLoaded (0ms)
			ExecutionOrderSort2 (0ms)
			AwakeInstancesAfterBackupRestoration (0ms)
Platform modules already initialized, skipping
Registering precompiled user dll's ...
Registered in 0.032446 seconds.
Begin MonoManager ReloadAssembly
Symbol file LoadedFromMemory doesn't match image E:\Projects\CapstoneDesign\Capstone_co_op_Game\Library\PackageCache\com.unity.collab-proxy@1.15.15\Lib\Editor\PlasticSCM\unityplastic.dll
Native extension for WindowsStandalone target not found
Refreshing native plugins compatible for Editor in 159.21 ms, found 2 plugins.
Preloading 0 native plugins for Editor in 0.00 ms.
Mono: successfully reloaded assembly
- Completed reload, in  3.497 seconds
Domain Reload Profiling:
	ReloadAssembly (3499ms)
		BeginReloadAssembly (591ms)
			ExecutionOrderSort (0ms)
			DisableScriptedObjects (7ms)
			BackupInstance (0ms)
			ReleaseScriptingObjects (0ms)
			CreateAndSetChildDomain (36ms)
		EndReloadAssembly (2807ms)
			LoadAssemblies (1604ms)
			RebuildTransferFunctionScriptingTraits (0ms)
			SetupTypeCache (566ms)
			ReleaseScriptCaches (1ms)
			RebuildScriptCaches (106ms)
			SetupLoadedEditorAssemblies (718ms)
				LogAssemblyErrors (0ms)
				InitializePlatformSupportModulesInManaged (5ms)
				SetLoadedEditorAssemblies (0ms)
				RefreshPlugins (159ms)
				BeforeProcessingInitializeOnLoad (113ms)
				ProcessInitializeOnLoadAttributes (324ms)
				ProcessInitializeOnLoadMethodAttributes (102ms)
				AfterProcessingInitializeOnLoad (13ms)
				EditorAssembliesLoaded (0ms)
			ExecutionOrderSort2 (0ms)
			AwakeInstancesAfterBackupRestoration (10ms)
Platform modules already initialized, skipping
========================================================================
Worker process is ready to serve import requests
Launched and connected shader compiler UnityShaderCompiler.exe after 0.35 seconds
Refreshing native plugins compatible for Editor in 1.86 ms, found 2 plugins.
Preloading 0 native plugins for Editor in 0.00 ms.
Unloading 2190 Unused Serialized files (Serialized files now loaded: 0)
System memory in use before: 191.2 MB.
System memory in use after: 191.3 MB.

Unloading 25 unused Assets to reduce memory usage. Loaded Objects now: 2647.
Total: 7.751800 ms (FindLiveObjects: 0.237700 ms CreateObjectMapping: 0.150900 ms MarkObjects: 7.241400 ms  DeleteObjects: 0.120800 ms)

AssetImportParameters requested are different than current active one (requested -> active):
  custom:framework-win-MediaFoundation: 216162199b28c13a410421893ffa2e32 -> 
  custom:video-decoder-ogg-theora: a1e56fd34408186e4bbccfd4996cb3dc -> 
  custom:container-muxer-webm: aa71ff27fc2769a1b78a27578f13a17b -> 
  custom:container-demuxer-webm: 4f35f7cbe854078d1ac9338744f61a02 -> 
  custom:container-demuxer-ogg: 62fdf1f143b41e24485cea50d1cbac27 -> 
  custom:video-encoder-webm-vp8: eb34c28f22e8b96e1ab97ce403110664 -> 
  custom:video-decoder-webm-vp8: 9c59270c3fd7afecdb556c50c9e8de78 -> 
  custom:audio-decoder-ogg-vorbis: bf7c407c2cedff20999df2af8eb42d56 -> 
  custom:audio-encoder-webm-vorbis: bf7c407c2cedff20999df2af8eb42d56 -> 
========================================================================
Received Import Request.
  path: Assets/KatsBits-fantasy-base/Prefabs/Walls_grey/Wall.Blk.Cnr.Sqr.Rpt.prefab
  artifactKey: Guid(665a59ea62e5864458ba694d8dc0da25) Importer(815301076,1909f56bfc062723c751e8b465ee728b)
Start importing Assets/KatsBits-fantasy-base/Prefabs/Walls_grey/Wall.Blk.Cnr.Sqr.Rpt.prefab using Guid(665a59ea62e5864458ba694d8dc0da25) Importer(815301076,1909f56bfc062723c751e8b465ee728b)  -> (artifact id: '1211f20e696608360931d4a30fd7ce61') in 0.889486 seconds 
========================================================================
Received Import Request.
  Time since last request: 0.000597 seconds.
  path: Assets/KatsBits-fantasy-base/Prefabs/Walls_red/Wall.T.prefab
  artifactKey: Guid(19c42c7dce6b09946a633b4db61f5d9a) Importer(815301076,1909f56bfc062723c751e8b465ee728b)
Start importing Assets/KatsBits-fantasy-base/Prefabs/Walls_red/Wall.T.prefab using Guid(19c42c7dce6b09946a633b4db61f5d9a) Importer(815301076,1909f56bfc062723c751e8b465ee728b)  -> (artifact id: 'c383cab2a36a41f0d2752a810bb93a65') in 0.136048 seconds 
========================================================================
Received Import Request.
  Time since last request: 0.000554 seconds.
  path: Assets/KatsBits-fantasy-base/Prefabs/Walls_orange/Pillar.Cnr.Inner.prefab
  artifactKey: Guid(8f04c97067fa8f4499ed2c8b9c8d9028) Importer(815301076,1909f56bfc062723c751e8b465ee728b)
Start importing Assets/KatsBits-fantasy-base/Prefabs/Walls_orange/Pillar.Cnr.Inner.prefab using Guid(8f04c97067fa8f4499ed2c8b9c8d9028) Importer(815301076,1909f56bfc062723c751e8b465ee728b)  -> (artifact id: 'cf460c2a36e8233e72ff92eabfb837e6') in 0.103238 seconds 
========================================================================
Received Import Request.
  Time since last request: 0.000442 seconds.
  path: Assets/KatsBits-fantasy-base/Prefabs/Walls_grey/Pillar.Wall.prefab
  artifactKey: Guid(b3449276d83065b408d9e689069b24df) Importer(815301076,1909f56bfc062723c751e8b465ee728b)
Start importing Assets/KatsBits-fantasy-base/Prefabs/Walls_grey/Pillar.Wall.prefab using Guid(b3449276d83065b408d9e689069b24df) Importer(815301076,1909f56bfc062723c751e8b465ee728b)  -> (artifact id: 'cefb152ae4a57ab19d71da9aadf11cbb') in 0.146263 seconds 
========================================================================
Received Import Request.
  Time since last request: 0.000354 seconds.
  path: Assets/KatsBits-fantasy-base/Prefabs/Walls_red/Wall.Arch.Beam.prefab
  artifactKey: Guid(e282b800ce4951b4b8c4b1a5aa9061ea) Importer(815301076,1909f56bfc062723c751e8b465ee728b)
Start importing Assets/KatsBits-fantasy-base/Prefabs/Walls_red/Wall.Arch.Beam.prefab using Guid(e282b800ce4951b4b8c4b1a5aa9061ea) Importer(815301076,1909f56bfc062723c751e8b465ee728b)  -> (artifact id: 'adc97ad631901e2e6c82e142115b5b3a') in 0.164580 seconds 
========================================================================
Received Import Request.
  Time since last request: 0.000445 seconds.
  path: Assets/KatsBits-fantasy-base/Prefabs/Walls_grey/Pillar.Cnr.Inner.prefab
  artifactKey: Guid(34a19ecf8afeec54f90613bc981cfa84) Importer(815301076,1909f56bfc062723c751e8b465ee728b)
Start importing Assets/KatsBits-fantasy-base/Prefabs/Walls_grey/Pillar.Cnr.Inner.prefab using Guid(34a19ecf8afeec54f90613bc981cfa84) Importer(815301076,1909f56bfc062723c751e8b465ee728b)  -> (artifact id: '657caa790d250b3ef607ba7f40f96b4b') in 0.068783 seconds 
========================================================================
Received Import Request.
  Time since last request: 0.000429 seconds.
  path: Assets/KatsBits-fantasy-base/Prefabs/Walls_orange/Wall.4U.prefab
  artifactKey: Guid(48fc3644f411a2246b22755f17e2c903) Importer(815301076,1909f56bfc062723c751e8b465ee728b)
Start importing Assets/KatsBits-fantasy-base/Prefabs/Walls_orange/Wall.4U.prefab using Guid(48fc3644f411a2246b22755f17e2c903) Importer(815301076,1909f56bfc062723c751e8b465ee728b)  -> (artifact id: 'd0f6c3d3ca5de455f6922de0714b9345') in 0.045805 seconds 
========================================================================
Received Import Request.
  Time since last request: 0.000395 seconds.
  path: Assets/KatsBits-fantasy-base/Prefabs/Walls_grey/Pillar.Saddle.prefab
  artifactKey: Guid(414c52d2170f2b549bf06eb7c5df7454) Importer(815301076,1909f56bfc062723c751e8b465ee728b)
Start importing Assets/KatsBits-fantasy-base/Prefabs/Walls_grey/Pillar.Saddle.prefab using Guid(414c52d2170f2b549bf06eb7c5df7454) Importer(815301076,1909f56bfc062723c751e8b465ee728b)  -> (artifact id: '31e6721735fae60bcec5c34933b81c9c') in 0.092046 seconds 
========================================================================
Received Import Request.
  Time since last request: 0.000498 seconds.
  path: Assets/KatsBits-fantasy-base/Prefabs/Walls_red/Pillar.Wall.prefab
  artifactKey: Guid(c7628bd6cc5adb2469ecd79347e7fecd) Importer(815301076,1909f56bfc062723c751e8b465ee728b)
Start importing Assets/KatsBits-fantasy-base/Prefabs/Walls_red/Pillar.Wall.prefab using Guid(c7628bd6cc5adb2469ecd79347e7fecd) Importer(815301076,1909f56bfc062723c751e8b465ee728b)  -> (artifact id: '711bcbed4ec3c2e5d93a311a59931087') in 0.044902 seconds 
========================================================================
Received Import Request.
  Time since last request: 0.000388 seconds.
  path: Assets/KatsBits-fantasy-base/Prefabs/Walls_orange/Pillar.prefab
  artifactKey: Guid(b23ebc475cd21b8408c79ae7d266b4fe) Importer(815301076,1909f56bfc062723c751e8b465ee728b)
Start importing Assets/KatsBits-fantasy-base/Prefabs/Walls_orange/Pillar.prefab using Guid(b23ebc475cd21b8408c79ae7d266b4fe) Importer(815301076,1909f56bfc062723c751e8b465ee728b)  -> (artifact id: '86689fb05e484c0db8990bbb6a5ac61d') in 0.056561 seconds 
========================================================================
Received Import Request.
  Time since last request: 0.000292 seconds.
  path: Assets/KatsBits-fantasy-base/Prefabs/Walls_red/Wall.Arch.Crn.R.prefab
  artifactKey: Guid(28b115bb7cb53304e84e9dc1a5d212bd) Importer(815301076,1909f56bfc062723c751e8b465ee728b)
Start importing Assets/KatsBits-fantasy-base/Prefabs/Walls_red/Wall.Arch.Crn.R.prefab using Guid(28b115bb7cb53304e84e9dc1a5d212bd) Importer(815301076,1909f56bfc062723c751e8b465ee728b)  -> (artifact id: 'a35f59fae810b972f381ad8822fb6b6c') in 0.042092 seconds 
========================================================================
Received Import Request.
  Time since last request: 0.000329 seconds.
  path: Assets/KatsBits-fantasy-base/Prefabs/Walls_grey/Wall.Arch.Blk.prefab
  artifactKey: Guid(97673de4279358143b26ac105cc3a94a) Importer(815301076,1909f56bfc062723c751e8b465ee728b)
Start importing Assets/KatsBits-fantasy-base/Prefabs/Walls_grey/Wall.Arch.Blk.prefab using Guid(97673de4279358143b26ac105cc3a94a) Importer(815301076,1909f56bfc062723c751e8b465ee728b)  -> (artifact id: 'f2c1afcba98614390525e4a55ff4f7c4') in 0.081249 seconds 
========================================================================
Received Import Request.
  Time since last request: 0.000322 seconds.
  path: Assets/KatsBits-fantasy-base/Prefabs/Walls_orange/Wall.Blk.Crn.Rnd.Rpt.prefab
  artifactKey: Guid(3ad975ac10c695f42864a31225fdbc4b) Importer(815301076,1909f56bfc062723c751e8b465ee728b)
Start importing Assets/KatsBits-fantasy-base/Prefabs/Walls_orange/Wall.Blk.Crn.Rnd.Rpt.prefab using Guid(3ad975ac10c695f42864a31225fdbc4b) Importer(815301076,1909f56bfc062723c751e8b465ee728b)  -> (artifact id: '9bd4fedfc297517efb6c3766b6849169') in 0.254846 seconds 
========================================================================
Received Import Request.
  Time since last request: 0.000889 seconds.
  path: Assets/KatsBits-fantasy-base/Prefabs/Walls_grey/Wall.Arch.Sqr.prefab
  artifactKey: Guid(28dfce093c6dc2f478a5b362b93b2a64) Importer(815301076,1909f56bfc062723c751e8b465ee728b)
Start importing Assets/KatsBits-fantasy-base/Prefabs/Walls_grey/Wall.Arch.Sqr.prefab using Guid(28dfce093c6dc2f478a5b362b93b2a64) Importer(815301076,1909f56bfc062723c751e8b465ee728b)  -> (artifact id: '4d586f5950fc69a04c656bfb9468efda') in 0.101401 seconds 
========================================================================
Received Import Request.
  Time since last request: 0.000333 seconds.
  path: Assets/KatsBits-fantasy-base/Prefabs/Walls_red/Wall.Blk.Crn.Rnd.Rpt.prefab
  artifactKey: Guid(07a50f67582c8df4ea5265b3b81b2b40) Importer(815301076,1909f56bfc062723c751e8b465ee728b)
Start importing Assets/KatsBits-fantasy-base/Prefabs/Walls_red/Wall.Blk.Crn.Rnd.Rpt.prefab using Guid(07a50f67582c8df4ea5265b3b81b2b40) Importer(815301076,1909f56bfc062723c751e8b465ee728b)  -> (artifact id: '33ca6caa435a128f9aa6964c0b7fda7a') in 0.083184 seconds 
========================================================================
Received Import Request.
  Time since last request: 0.000371 seconds.
  path: Assets/KatsBits-fantasy-base/Prefabs/Walls_orange/Wall.2U.prefab
  artifactKey: Guid(dfcbbdb0710ba954ab8ac8bec8ec206e) Importer(815301076,1909f56bfc062723c751e8b465ee728b)
Start importing Assets/KatsBits-fantasy-base/Prefabs/Walls_orange/Wall.2U.prefab using Guid(dfcbbdb0710ba954ab8ac8bec8ec206e) Importer(815301076,1909f56bfc062723c751e8b465ee728b)  -> (artifact id: '6e46c656a6d4f8de315b1ddbd968df57') in 0.046972 seconds 
========================================================================
Received Import Request.
  Time since last request: 0.000403 seconds.
  path: Assets/KatsBits-fantasy-base/Prefabs/Walls_orange/Wall.Blk.Cnr.Sqr.Rpt.prefab
  artifactKey: Guid(eed82d9098196094d9b62b8db11a42e2) Importer(815301076,1909f56bfc062723c751e8b465ee728b)
Start importing Assets/KatsBits-fantasy-base/Prefabs/Walls_orange/Wall.Blk.Cnr.Sqr.Rpt.prefab using Guid(eed82d9098196094d9b62b8db11a42e2) Importer(815301076,1909f56bfc062723c751e8b465ee728b)  -> (artifact id: '7bc2ed23efb14dfda4a6c3a59ae3ae37') in 0.075842 seconds 
========================================================================
Received Import Request.
  Time since last request: 0.000558 seconds.
  path: Assets/KatsBits-fantasy-base/Prefabs/Walls_grey/Wall.Arch.End.prefab
  artifactKey: Guid(cd004557687c81b47a489967d5d59eee) Importer(815301076,1909f56bfc062723c751e8b465ee728b)
Start importing Assets/KatsBits-fantasy-base/Prefabs/Walls_grey/Wall.Arch.End.prefab using Guid(cd004557687c81b47a489967d5d59eee) Importer(815301076,1909f56bfc062723c751e8b465ee728b)  -> (artifact id: '51ca1bc74f4d193df2f72f07fb11d91d') in 0.066027 seconds 
========================================================================
Received Import Request.
  Time since last request: 0.000627 seconds.
  path: Assets/KatsBits-fantasy-base/Prefabs/Walls_red/Wall.Blk.Cnr.Sqr.Rpt.prefab
  artifactKey: Guid(2b09682cd628a7f44a20ce9a586c3234) Importer(815301076,1909f56bfc062723c751e8b465ee728b)
Start importing Assets/KatsBits-fantasy-base/Prefabs/Walls_red/Wall.Blk.Cnr.Sqr.Rpt.prefab using Guid(2b09682cd628a7f44a20ce9a586c3234) Importer(815301076,1909f56bfc062723c751e8b465ee728b)  -> (artifact id: 'e9cb00ab98f717033cf6ce627b9d5485') in 0.049881 seconds 
========================================================================
Received Import Request.
  Time since last request: 0.000447 seconds.
  path: Assets/KatsBits-fantasy-base/Prefabs/Walls_red/Pillar.prefab
  artifactKey: Guid(76b669a44fdbe6a43abfdedf2ee484a8) Importer(815301076,1909f56bfc062723c751e8b465ee728b)
Start importing Assets/KatsBits-fantasy-base/Prefabs/Walls_red/Pillar.prefab using Guid(76b669a44fdbe6a43abfdedf2ee484a8) Importer(815301076,1909f56bfc062723c751e8b465ee728b)  -> (artifact id: '7fb9b101dad111a59fa508cc642481c4') in 0.046014 seconds 
========================================================================
Received Import Request.
  Time since last request: 0.000381 seconds.
  path: Assets/KatsBits-fantasy-base/Prefabs/Walls_grey/Wall.Arch.Iron.prefab
  artifactKey: Guid(7640bf25a3d5b52419993d4b90e8e324) Importer(815301076,1909f56bfc062723c751e8b465ee728b)
Start importing Assets/KatsBits-fantasy-base/Prefabs/Walls_grey/Wall.Arch.Iron.prefab using Guid(7640bf25a3d5b52419993d4b90e8e324) Importer(815301076,1909f56bfc062723c751e8b465ee728b)  -> (artifact id: '5e9c7920c0238b049bf752cb2dcebe8b') in 0.144463 seconds 
========================================================================
Received Import Request.
  Time since last request: 0.000354 seconds.
  path: Assets/KatsBits-fantasy-base/Prefabs/Walls_grey/Pillar.Cnr.Outer.prefab
  artifactKey: Guid(d88daad6f96d0074e9bcd52ac45206d7) Importer(815301076,1909f56bfc062723c751e8b465ee728b)
Start importing Assets/KatsBits-fantasy-base/Prefabs/Walls_grey/Pillar.Cnr.Outer.prefab using Guid(d88daad6f96d0074e9bcd52ac45206d7) Importer(815301076,1909f56bfc062723c751e8b465ee728b)  -> (artifact id: '8c8a1558aa8bf50df5e20ed1a1dddb6d') in 0.105681 seconds 
========================================================================
Received Import Request.
  Time since last request: 0.000311 seconds.
  path: Assets/KatsBits-fantasy-base/Prefabs/Walls_red/Wall.Fill.1U.prefab
  artifactKey: Guid(8d868f85c8afcef48a7dfa0b6376d8cd) Importer(815301076,1909f56bfc062723c751e8b465ee728b)
Start importing Assets/KatsBits-fantasy-base/Prefabs/Walls_red/Wall.Fill.1U.prefab using Guid(8d868f85c8afcef48a7dfa0b6376d8cd) Importer(815301076,1909f56bfc062723c751e8b465ee728b)  -> (artifact id: 'ba8e2d25eebed0758e1afbf8397b3c45') in 0.055659 seconds 
========================================================================
Received Import Request.
  Time since last request: 0.000306 seconds.
  path: Assets/KatsBits-fantasy-base/Prefabs/Walls_grey/Wall.Blk.Crn.Rnd.Fill.prefab
  artifactKey: Guid(e42e0718c424b064a963907312b6f7a0) Importer(815301076,1909f56bfc062723c751e8b465ee728b)
Start importing Assets/KatsBits-fantasy-base/Prefabs/Walls_grey/Wall.Blk.Crn.Rnd.Fill.prefab using Guid(e42e0718c424b064a963907312b6f7a0) Importer(815301076,1909f56bfc062723c751e8b465ee728b)  -> (artifact id: 'ae8df006a8858d722998d595287c69b4') in 0.079718 seconds 
========================================================================
Received Import Request.
  Time since last request: 0.000449 seconds.
  path: Assets/KatsBits-fantasy-base/Prefabs/Walls_red/Wall.Arch.Sqr.prefab
  artifactKey: Guid(9c68da78b05dbdd47bf9d498d537cf0b) Importer(815301076,1909f56bfc062723c751e8b465ee728b)
Start importing Assets/KatsBits-fantasy-base/Prefabs/Walls_red/Wall.Arch.Sqr.prefab using Guid(9c68da78b05dbdd47bf9d498d537cf0b) Importer(815301076,1909f56bfc062723c751e8b465ee728b)  -> (artifact id: 'ce8f53bceb9b010850909f2971a393af') in 0.044009 seconds 
========================================================================
Received Import Request.
  Time since last request: 0.000275 seconds.
  path: Assets/KatsBits-fantasy-base/Prefabs/Walls_red/Wall.Cnr.Sml.prefab
  artifactKey: Guid(389eeccdad56169488a3830dde2ca80b) Importer(815301076,1909f56bfc062723c751e8b465ee728b)
Start importing Assets/KatsBits-fantasy-base/Prefabs/Walls_red/Wall.Cnr.Sml.prefab using Guid(389eeccdad56169488a3830dde2ca80b) Importer(815301076,1909f56bfc062723c751e8b465ee728b)  -> (artifact id: '55263ae673e9b302db0e483f1d2766b9') in 0.112386 seconds 
========================================================================
Received Import Request.
  Time since last request: 0.001268 seconds.
  path: Assets/KatsBits-fantasy-base/Prefabs/Walls_grey/Wall.Blk.Crn.Rnd.Rpt.prefab
  artifactKey: Guid(5d9a8b48006443d41a9aefe726af38b2) Importer(815301076,1909f56bfc062723c751e8b465ee728b)
Start importing Assets/KatsBits-fantasy-base/Prefabs/Walls_grey/Wall.Blk.Crn.Rnd.Rpt.prefab using Guid(5d9a8b48006443d41a9aefe726af38b2) Importer(815301076,1909f56bfc062723c751e8b465ee728b)  -> (artifact id: 'd178e6095901ef35d77f1cb614ba366a') in 0.093622 seconds 
========================================================================
Received Import Request.
  Time since last request: 0.000251 seconds.
  path: Assets/KatsBits-fantasy-base/Prefabs/Walls_red/Wall.Blk.Crn.Rnd.Fill.prefab
  artifactKey: Guid(2ffbab4f51247a94cbe4b725b1840b06) Importer(815301076,1909f56bfc062723c751e8b465ee728b)
Start importing Assets/KatsBits-fantasy-base/Prefabs/Walls_red/Wall.Blk.Crn.Rnd.Fill.prefab using Guid(2ffbab4f51247a94cbe4b725b1840b06) Importer(815301076,1909f56bfc062723c751e8b465ee728b)  -> (artifact id: 'd3259761bac1e50f0576b9cc492a1116') in 0.043739 seconds 
========================================================================
Received Import Request.
  Time since last request: 0.000314 seconds.
  path: Assets/KatsBits-fantasy-base/Prefabs/Walls_orange/Wall.Arch.Blk.prefab
  artifactKey: Guid(e6a174232b40c484ca9e4cbf786f9aed) Importer(815301076,1909f56bfc062723c751e8b465ee728b)
Start importing Assets/KatsBits-fantasy-base/Prefabs/Walls_orange/Wall.Arch.Blk.prefab using Guid(e6a174232b40c484ca9e4cbf786f9aed) Importer(815301076,1909f56bfc062723c751e8b465ee728b)  -> (artifact id: 'a56d2371531372983673da82e8c1dded') in 0.087888 seconds 
========================================================================
Received Import Request.
  Time since last request: 0.000322 seconds.
  path: Assets/KatsBits-fantasy-base/Prefabs/Walls_grey/Pillar.prefab
  artifactKey: Guid(d8ca42456fd80ea49ad62268cc4416fd) Importer(815301076,1909f56bfc062723c751e8b465ee728b)
Start importing Assets/KatsBits-fantasy-base/Prefabs/Walls_grey/Pillar.prefab using Guid(d8ca42456fd80ea49ad62268cc4416fd) Importer(815301076,1909f56bfc062723c751e8b465ee728b)  -> (artifact id: '19f510fc9e194265a69b853c5002e19a') in 0.044296 seconds 
========================================================================
Received Import Request.
  Time since last request: 0.001266 seconds.
  path: Assets/KatsBits-fantasy-base/Prefabs/Walls_orange/Wall.Blk.Cnr.Sqr.Fill.prefab
  artifactKey: Guid(e1eb938236ae2954992b027ca00ed92d) Importer(815301076,1909f56bfc062723c751e8b465ee728b)
Start importing Assets/KatsBits-fantasy-base/Prefabs/Walls_orange/Wall.Blk.Cnr.Sqr.Fill.prefab using Guid(e1eb938236ae2954992b027ca00ed92d) Importer(815301076,1909f56bfc062723c751e8b465ee728b)  -> (artifact id: '8053690bc6734770da2078eead03d748') in 0.070577 seconds 
========================================================================
Received Import Request.
  Time since last request: 0.000288 seconds.
  path: Assets/KatsBits-fantasy-base/Prefabs/Walls_grey/Wall.Blk.Cnr.Sqr.prefab
  artifactKey: Guid(19a6e9583073993409b5907129ba4e96) Importer(815301076,1909f56bfc062723c751e8b465ee728b)
Start importing Assets/KatsBits-fantasy-base/Prefabs/Walls_grey/Wall.Blk.Cnr.Sqr.prefab using Guid(19a6e9583073993409b5907129ba4e96) Importer(815301076,1909f56bfc062723c751e8b465ee728b)  -> (artifact id: '232164d748c49f1968c3322d3ec015f6') in 0.104523 seconds 
========================================================================
Received Import Request.
  Time since last request: 0.000289 seconds.
  path: Assets/KatsBits-fantasy-base/Prefabs/Walls_orange/Wall.Arch.Cnr.L.prefab
  artifactKey: Guid(d07838f785b962d46924938016dd5f72) Importer(815301076,1909f56bfc062723c751e8b465ee728b)
Start importing Assets/KatsBits-fantasy-base/Prefabs/Walls_orange/Wall.Arch.Cnr.L.prefab using Guid(d07838f785b962d46924938016dd5f72) Importer(815301076,1909f56bfc062723c751e8b465ee728b)  -> (artifact id: 'ee4c5ebb93f2dbc7818554134e25e8d5') in 0.059298 seconds 
========================================================================
Received Import Request.
  Time since last request: 0.000290 seconds.
  path: Assets/KatsBits-fantasy-base/Prefabs/Walls_red/Wall.End.prefab
  artifactKey: Guid(e621cb3eee88fa04baf87556631ab53b) Importer(815301076,1909f56bfc062723c751e8b465ee728b)
Start importing Assets/KatsBits-fantasy-base/Prefabs/Walls_red/Wall.End.prefab using Guid(e621cb3eee88fa04baf87556631ab53b) Importer(815301076,1909f56bfc062723c751e8b465ee728b)  -> (artifact id: 'e9136c17cfd5ac50c3e34e04aa380037') in 0.053551 seconds 
========================================================================
Received Import Request.
  Time since last request: 0.001548 seconds.
  path: Assets/KatsBits-fantasy-base/Prefabs/Walls_red/Wall.Blk.prefab
  artifactKey: Guid(3a2df744853a48d49955cbda09656149) Importer(815301076,1909f56bfc062723c751e8b465ee728b)
Start importing Assets/KatsBits-fantasy-base/Prefabs/Walls_red/Wall.Blk.prefab using Guid(3a2df744853a48d49955cbda09656149) Importer(815301076,1909f56bfc062723c751e8b465ee728b)  -> (artifact id: 'f03e27c7d46ccee83cca11a93a87bde3') in 0.075841 seconds 
========================================================================
Received Import Request.
  Time since last request: 0.000290 seconds.
  path: Assets/KatsBits-fantasy-base/Prefabs/Walls_red/Wall.Arch.Iron.prefab
  artifactKey: Guid(09c589c9b7f10df42986115b4bb923fd) Importer(815301076,1909f56bfc062723c751e8b465ee728b)
Start importing Assets/KatsBits-fantasy-base/Prefabs/Walls_red/Wall.Arch.Iron.prefab using Guid(09c589c9b7f10df42986115b4bb923fd) Importer(815301076,1909f56bfc062723c751e8b465ee728b)  -> (artifact id: '917f79a396448d5368d73c99cc510f13') in 0.073246 seconds 
========================================================================
Received Import Request.
  Time since last request: 0.000295 seconds.
  path: Assets/KatsBits-fantasy-base/Prefabs/Walls_orange/Wall.Arch.prefab
  artifactKey: Guid(5c7521231aba00f42a8fb424ea607f7f) Importer(815301076,1909f56bfc062723c751e8b465ee728b)
Start importing Assets/KatsBits-fantasy-base/Prefabs/Walls_orange/Wall.Arch.prefab using Guid(5c7521231aba00f42a8fb424ea607f7f) Importer(815301076,1909f56bfc062723c751e8b465ee728b)  -> (artifact id: '5b68ff5a5b12432e276b1d68f1abb17a') in 0.047109 seconds 
========================================================================
Received Import Request.
  Time since last request: 0.000286 seconds.
  path: Assets/KatsBits-fantasy-base/Prefabs/Walls_red/Wall.Arch.prefab
  artifactKey: Guid(4372912740a858c40a217a8ad7f7ba0e) Importer(815301076,1909f56bfc062723c751e8b465ee728b)
Start importing Assets/KatsBits-fantasy-base/Prefabs/Walls_red/Wall.Arch.prefab using Guid(4372912740a858c40a217a8ad7f7ba0e) Importer(815301076,1909f56bfc062723c751e8b465ee728b)  -> (artifact id: 'be0b70a7818d4153724d674176f4e784') in 0.079058 seconds 
========================================================================
Received Import Request.
  Time since last request: 0.000386 seconds.
  path: Assets/KatsBits-fantasy-base/Prefabs/Walls_grey/Wall.Arch.prefab
  artifactKey: Guid(4962be2021a0be74e944ef9729a6fab9) Importer(815301076,1909f56bfc062723c751e8b465ee728b)
Start importing Assets/KatsBits-fantasy-base/Prefabs/Walls_grey/Wall.Arch.prefab using Guid(4962be2021a0be74e944ef9729a6fab9) Importer(815301076,1909f56bfc062723c751e8b465ee728b)  -> (artifact id: '0e91292701a77dbb8b66c1c1b7457664') in 0.128195 seconds 
========================================================================
Received Import Request.
  Time since last request: 0.000690 seconds.
  path: Assets/KatsBits-fantasy-base/Prefabs/Walls_red/Pillar.Saddle.prefab
  artifactKey: Guid(8b22fe04f2e0817438abeb7051b60fc3) Importer(815301076,1909f56bfc062723c751e8b465ee728b)
Start importing Assets/KatsBits-fantasy-base/Prefabs/Walls_red/Pillar.Saddle.prefab using Guid(8b22fe04f2e0817438abeb7051b60fc3) Importer(815301076,1909f56bfc062723c751e8b465ee728b)  -> (artifact id: 'a81fc8e3a2b4df36651604d487a11cec') in 0.054850 seconds 
========================================================================
Received Import Request.
  Time since last request: 0.000351 seconds.
  path: Assets/KatsBits-fantasy-base/Prefabs/Walls_red/Wall.Cnr.prefab
  artifactKey: Guid(bd64a312cb3cf154087a046bf808d2d5) Importer(815301076,1909f56bfc062723c751e8b465ee728b)
Start importing Assets/KatsBits-fantasy-base/Prefabs/Walls_red/Wall.Cnr.prefab using Guid(bd64a312cb3cf154087a046bf808d2d5) Importer(815301076,1909f56bfc062723c751e8b465ee728b)  -> (artifact id: '9123394b2cf7132038c57d7a7fc5268f') in 0.064546 seconds 
========================================================================
Received Import Request.
  Time since last request: 0.000396 seconds.
  path: Assets/KatsBits-fantasy-base/Prefabs/Walls_red/Pillar.Cnr.Outer.prefab
  artifactKey: Guid(b7f5f7a6ce3b6924e8dead1c1045008e) Importer(815301076,1909f56bfc062723c751e8b465ee728b)
Start importing Assets/KatsBits-fantasy-base/Prefabs/Walls_red/Pillar.Cnr.Outer.prefab using Guid(b7f5f7a6ce3b6924e8dead1c1045008e) Importer(815301076,1909f56bfc062723c751e8b465ee728b)  -> (artifact id: 'ebd9e07a7f627d96c6de3b3f247e7158') in 0.072689 seconds 
========================================================================
Received Import Request.
  Time since last request: 0.000335 seconds.
  path: Assets/KatsBits-fantasy-base/Prefabs/Walls_red/Wall.Arch.Fill.prefab
  artifactKey: Guid(64fd73c7c3804cc448e88161d102492a) Importer(815301076,1909f56bfc062723c751e8b465ee728b)
Start importing Assets/KatsBits-fantasy-base/Prefabs/Walls_red/Wall.Arch.Fill.prefab using Guid(64fd73c7c3804cc448e88161d102492a) Importer(815301076,1909f56bfc062723c751e8b465ee728b)  -> (artifact id: '8ace8ddfc2df0385a12226f2cd58c436') in 0.057760 seconds 
========================================================================
Received Import Request.
  Time since last request: 0.000329 seconds.
  path: Assets/KatsBits-fantasy-base/Prefabs/Walls_red/Wall.FIll.2U.prefab
  artifactKey: Guid(282883d9aeda167438e5f37bcdd5e64e) Importer(815301076,1909f56bfc062723c751e8b465ee728b)
Start importing Assets/KatsBits-fantasy-base/Prefabs/Walls_red/Wall.FIll.2U.prefab using Guid(282883d9aeda167438e5f37bcdd5e64e) Importer(815301076,1909f56bfc062723c751e8b465ee728b)  -> (artifact id: 'c8fedcb60ae30ff92a2c0e17b53d8fb8') in 0.098856 seconds 
========================================================================
Received Import Request.
  Time since last request: 0.000382 seconds.
  path: Assets/KatsBits-fantasy-base/Prefabs/Walls_orange/Wall.1U.prefab
  artifactKey: Guid(bef1b6bb7d9fab04b9924f384cfd3fe0) Importer(815301076,1909f56bfc062723c751e8b465ee728b)
Start importing Assets/KatsBits-fantasy-base/Prefabs/Walls_orange/Wall.1U.prefab using Guid(bef1b6bb7d9fab04b9924f384cfd3fe0) Importer(815301076,1909f56bfc062723c751e8b465ee728b)  -> (artifact id: 'c714550835ad1c8f79be837fdf9f82d8') in 0.049292 seconds 
========================================================================
Received Import Request.
  Time since last request: 0.000368 seconds.
  path: Assets/KatsBits-fantasy-base/Prefabs/Walls_orange/Wall.Arch.Iron.prefab
  artifactKey: Guid(9d5845db42400da4e82dd4a141095d2e) Importer(815301076,1909f56bfc062723c751e8b465ee728b)
Start importing Assets/KatsBits-fantasy-base/Prefabs/Walls_orange/Wall.Arch.Iron.prefab using Guid(9d5845db42400da4e82dd4a141095d2e) Importer(815301076,1909f56bfc062723c751e8b465ee728b)  -> (artifact id: '775417c8e8a9792b03d5462674c8b871') in 0.068708 seconds 
========================================================================
Received Import Request.
  Time since last request: 0.000374 seconds.
  path: Assets/KatsBits-fantasy-base/Prefabs/Walls_grey/Wall.Arch.Sqr.Beams.prefab
  artifactKey: Guid(0f29e39ed0b8c214994e8bd307887b13) Importer(815301076,1909f56bfc062723c751e8b465ee728b)
Start importing Assets/KatsBits-fantasy-base/Prefabs/Walls_grey/Wall.Arch.Sqr.Beams.prefab using Guid(0f29e39ed0b8c214994e8bd307887b13) Importer(815301076,1909f56bfc062723c751e8b465ee728b)  -> (artifact id: '45b485722d170cae114f83e3130899d3') in 0.100321 seconds 
========================================================================
Received Import Request.
  Time since last request: 0.000468 seconds.
  path: Assets/KatsBits-fantasy-base/Prefabs/Walls_orange/Pillar.Wall.prefab
  artifactKey: Guid(74617bea06bcffb4da98d6f84a74911d) Importer(815301076,1909f56bfc062723c751e8b465ee728b)
Start importing Assets/KatsBits-fantasy-base/Prefabs/Walls_orange/Pillar.Wall.prefab using Guid(74617bea06bcffb4da98d6f84a74911d) Importer(815301076,1909f56bfc062723c751e8b465ee728b)  -> (artifact id: '649309423e868a67fd6087d085a54d6a') in 0.054752 seconds 
========================================================================
Received Import Request.
  Time since last request: 0.000322 seconds.
  path: Assets/KatsBits-fantasy-base/Prefabs/Walls_red/Wall.Arch.End.prefab
  artifactKey: Guid(1615c8a8ba274e642a0971f07dc87e82) Importer(815301076,1909f56bfc062723c751e8b465ee728b)
Start importing Assets/KatsBits-fantasy-base/Prefabs/Walls_red/Wall.Arch.End.prefab using Guid(1615c8a8ba274e642a0971f07dc87e82) Importer(815301076,1909f56bfc062723c751e8b465ee728b)  -> (artifact id: 'fcb2c0c4d78c1807b9eba281da0206f1') in 0.094297 seconds 
========================================================================
Received Import Request.
  Time since last request: 0.000466 seconds.
  path: Assets/KatsBits-fantasy-base/Prefabs/Walls_orange/Wall.Arch.Sqr.prefab
  artifactKey: Guid(4a484579508ef7647a7194abd598823e) Importer(815301076,1909f56bfc062723c751e8b465ee728b)
Start importing Assets/KatsBits-fantasy-base/Prefabs/Walls_orange/Wall.Arch.Sqr.prefab using Guid(4a484579508ef7647a7194abd598823e) Importer(815301076,1909f56bfc062723c751e8b465ee728b)  -> (artifact id: 'dccec3edce913f52baf1e847178c5649') in 0.071060 seconds 
========================================================================
Received Import Request.
  Time since last request: 0.000318 seconds.
  path: Assets/KatsBits-fantasy-base/Prefabs/Walls_red/Wall.2U.prefab
  artifactKey: Guid(d666662fd74d6e84f9d3c970c76ec066) Importer(815301076,1909f56bfc062723c751e8b465ee728b)
Start importing Assets/KatsBits-fantasy-base/Prefabs/Walls_red/Wall.2U.prefab using Guid(d666662fd74d6e84f9d3c970c76ec066) Importer(815301076,1909f56bfc062723c751e8b465ee728b)  -> (artifact id: 'a3874afd764d165dca7ead73bc15b005') in 0.051362 seconds 
========================================================================
Received Import Request.
  Time since last request: 0.000297 seconds.
  path: Assets/KatsBits-fantasy-base/Prefabs/Walls_red/Wall.Blk.Cnr.Sqr.Fill.prefab
  artifactKey: Guid(807ca08fb95f6224082c8226533fcd2d) Importer(815301076,1909f56bfc062723c751e8b465ee728b)
Start importing Assets/KatsBits-fantasy-base/Prefabs/Walls_red/Wall.Blk.Cnr.Sqr.Fill.prefab using Guid(807ca08fb95f6224082c8226533fcd2d) Importer(815301076,1909f56bfc062723c751e8b465ee728b)  -> (artifact id: '9f69c20915c9467cdf2ee233eabc0cb8') in 0.059581 seconds 
========================================================================
Received Import Request.
  Time since last request: 0.000221 seconds.
  path: Assets/KatsBits-fantasy-base/Prefabs/Walls_red/Wall.Plain.2U.prefab
  artifactKey: Guid(683356ece42c0544e98e23cce11a2ea1) Importer(815301076,1909f56bfc062723c751e8b465ee728b)
Start importing Assets/KatsBits-fantasy-base/Prefabs/Walls_red/Wall.Plain.2U.prefab using Guid(683356ece42c0544e98e23cce11a2ea1) Importer(815301076,1909f56bfc062723c751e8b465ee728b)  -> (artifact id: '44542605be1351e1c4ea5ea09098fe6c') in 0.153451 seconds 
========================================================================
Received Import Request.
  Time since last request: 0.000307 seconds.
  path: Assets/KatsBits-fantasy-base/Prefabs/Walls_grey/Wall.Blk.Crn.Rnd.prefab
  artifactKey: Guid(5d02f56d01126f84e97802eb0dee1a14) Importer(815301076,1909f56bfc062723c751e8b465ee728b)
Start importing Assets/KatsBits-fantasy-base/Prefabs/Walls_grey/Wall.Blk.Crn.Rnd.prefab using Guid(5d02f56d01126f84e97802eb0dee1a14) Importer(815301076,1909f56bfc062723c751e8b465ee728b)  -> (artifact id: '33b697fc87360663ad1b63c771301781') in 0.099052 seconds 
========================================================================
Received Import Request.
  Time since last request: 0.000241 seconds.
  path: Assets/KatsBits-fantasy-base/Prefabs/Walls_red/Wall.Blk.Crn.Rnd.prefab
  artifactKey: Guid(f8d5b288fc1fe9e46aa429c66999f437) Importer(815301076,1909f56bfc062723c751e8b465ee728b)
Start importing Assets/KatsBits-fantasy-base/Prefabs/Walls_red/Wall.Blk.Crn.Rnd.prefab using Guid(f8d5b288fc1fe9e46aa429c66999f437) Importer(815301076,1909f56bfc062723c751e8b465ee728b)  -> (artifact id: '726aa6bab4bd028dcf9b5193ddd704e8') in 0.058560 seconds 
========================================================================
Received Import Request.
  Time since last request: 0.000723 seconds.
  path: Assets/KatsBits-fantasy-base/Prefabs/Walls_red/Wall.Arch.Blk.prefab
  artifactKey: Guid(8d2fffe984759744fa76b5a910e286f2) Importer(815301076,1909f56bfc062723c751e8b465ee728b)
Start importing Assets/KatsBits-fantasy-base/Prefabs/Walls_red/Wall.Arch.Blk.prefab using Guid(8d2fffe984759744fa76b5a910e286f2) Importer(815301076,1909f56bfc062723c751e8b465ee728b)  -> (artifact id: '5b83ebd6d88a98838c7fe5ae347544f6') in 0.054947 seconds 
========================================================================
Received Import Request.
  Time since last request: 0.000516 seconds.
  path: Assets/KatsBits-fantasy-base/Prefabs/Walls_red/Wall.Plain.4U.prefab
  artifactKey: Guid(e0eaf04fd6afdae4587e421c1c817976) Importer(815301076,1909f56bfc062723c751e8b465ee728b)
Start importing Assets/KatsBits-fantasy-base/Prefabs/Walls_red/Wall.Plain.4U.prefab using Guid(e0eaf04fd6afdae4587e421c1c817976) Importer(815301076,1909f56bfc062723c751e8b465ee728b)  -> (artifact id: 'c0268da28a8ac2ebe148836938b1e827') in 0.091526 seconds 
========================================================================
Received Import Request.
  Time since last request: 0.000284 seconds.
  path: Assets/KatsBits-fantasy-base/Prefabs/Walls_red/Wall.Plain.1U.prefab
  artifactKey: Guid(786070d613acefd4cbbc8d3050ffe47c) Importer(815301076,1909f56bfc062723c751e8b465ee728b)
Start importing Assets/KatsBits-fantasy-base/Prefabs/Walls_red/Wall.Plain.1U.prefab using Guid(786070d613acefd4cbbc8d3050ffe47c) Importer(815301076,1909f56bfc062723c751e8b465ee728b)  -> (artifact id: '75eb059e8c050c5e6509fa7ac4676b74') in 0.128806 seconds 
========================================================================
Received Import Request.
  Time since last request: 0.000244 seconds.
  path: Assets/KatsBits-fantasy-base/Prefabs/Walls_grey/Wall.Arch.Cnr.L.prefab
  artifactKey: Guid(9635523decf41374fb40c7efe3057f0c) Importer(815301076,1909f56bfc062723c751e8b465ee728b)
Start importing Assets/KatsBits-fantasy-base/Prefabs/Walls_grey/Wall.Arch.Cnr.L.prefab using Guid(9635523decf41374fb40c7efe3057f0c) Importer(815301076,1909f56bfc062723c751e8b465ee728b)  -> (artifact id: 'b6574a8dd1f6cb5894b45f8e2f71b7fe') in 0.071148 seconds 
========================================================================
Received Import Request.
  Time since last request: 0.000319 seconds.
  path: Assets/KatsBits-fantasy-base/Prefabs/Walls_orange/Pillar.Cnr.Outer.prefab
  artifactKey: Guid(3d5b1549d28a1d243b6d7bffe1d0adcd) Importer(815301076,1909f56bfc062723c751e8b465ee728b)
Start importing Assets/KatsBits-fantasy-base/Prefabs/Walls_orange/Pillar.Cnr.Outer.prefab using Guid(3d5b1549d28a1d243b6d7bffe1d0adcd) Importer(815301076,1909f56bfc062723c751e8b465ee728b)  -> (artifact id: '1c7b06734beadf53cbaea0c429a8b133') in 0.060939 seconds 
========================================================================
Received Import Request.
  Time since last request: 0.000296 seconds.
  path: Assets/KatsBits-fantasy-base/Prefabs/Walls_orange/Wall.Arch.Beam.prefab
  artifactKey: Guid(c5515b442f363df4f823fb917526cff4) Importer(815301076,1909f56bfc062723c751e8b465ee728b)
Start importing Assets/KatsBits-fantasy-base/Prefabs/Walls_orange/Wall.Arch.Beam.prefab using Guid(c5515b442f363df4f823fb917526cff4) Importer(815301076,1909f56bfc062723c751e8b465ee728b)  -> (artifact id: '2d4d5cca7409d3fd006a0ea19ca6b40b') in 0.067469 seconds 
========================================================================
Received Import Request.
  Time since last request: 0.000276 seconds.
  path: Assets/KatsBits-fantasy-base/Prefabs/Walls_grey/Wall.4U.prefab
  artifactKey: Guid(540ffc86aaa304445ac6ef310b6d4cc8) Importer(815301076,1909f56bfc062723c751e8b465ee728b)
Start importing Assets/KatsBits-fantasy-base/Prefabs/Walls_grey/Wall.4U.prefab using Guid(540ffc86aaa304445ac6ef310b6d4cc8) Importer(815301076,1909f56bfc062723c751e8b465ee728b)  -> (artifact id: '31ed393824da90531ae7f54f4f0e037c') in 0.101595 seconds 
========================================================================
Received Import Request.
  Time since last request: 0.000377 seconds.
  path: Assets/Scenes/2_CPU_Inside.unity
  artifactKey: Guid(150a4f9b4aec28046aff566aae287b2d) Importer(815301076,1909f56bfc062723c751e8b465ee728b)
Start importing Assets/Scenes/2_CPU_Inside.unity using Guid(150a4f9b4aec28046aff566aae287b2d) Importer(815301076,1909f56bfc062723c751e8b465ee728b)  -> (artifact id: 'd3ff1ec43be80940b9259622985ac77c') in 0.034619 seconds 
========================================================================
Received Import Request.
  Time since last request: 0.000315 seconds.
  path: Assets/KatsBits-fantasy-base/Prefabs/Walls_orange/Wall.Arch.Sqr.Beams.prefab
  artifactKey: Guid(42ca51af401ffae4e852d367bda40f1a) Importer(815301076,1909f56bfc062723c751e8b465ee728b)
Start importing Assets/KatsBits-fantasy-base/Prefabs/Walls_orange/Wall.Arch.Sqr.Beams.prefab using Guid(42ca51af401ffae4e852d367bda40f1a) Importer(815301076,1909f56bfc062723c751e8b465ee728b)  -> (artifact id: '1e70729db2ea571ab586dd3b65c65939') in 0.068421 seconds 
========================================================================
Received Import Request.
  Time since last request: 0.000788 seconds.
  path: Assets/KatsBits-fantasy-base/Prefabs/Walls_red/Wall.Arch.Cnr.L.prefab
  artifactKey: Guid(7a3d5f8caf8d8594a9cd5310b9463ccb) Importer(815301076,1909f56bfc062723c751e8b465ee728b)
Start importing Assets/KatsBits-fantasy-base/Prefabs/Walls_red/Wall.Arch.Cnr.L.prefab using Guid(7a3d5f8caf8d8594a9cd5310b9463ccb) Importer(815301076,1909f56bfc062723c751e8b465ee728b)  -> (artifact id: '89af7230ed24adbdbac718f9bb210c86') in 0.061740 seconds 
========================================================================
Received Import Request.
  Time since last request: 0.000466 seconds.
  path: Assets/KatsBits-fantasy-base/Prefabs/Walls_grey/Wall.Arch.Beam.prefab
  artifactKey: Guid(6e238cc466408eb4cb84bb10cef58fcd) Importer(815301076,1909f56bfc062723c751e8b465ee728b)
Start importing Assets/KatsBits-fantasy-base/Prefabs/Walls_grey/Wall.Arch.Beam.prefab using Guid(6e238cc466408eb4cb84bb10cef58fcd) Importer(815301076,1909f56bfc062723c751e8b465ee728b)  -> (artifact id: '8afd9566353debecc4bf41914581cf3c') in 0.092713 seconds 
========================================================================
Received Import Request.
  Time since last request: 0.000327 seconds.
  path: Assets/KatsBits-fantasy-base/Prefabs/Walls_grey/Wall.Blk.Cnr.Sqr.Fill.prefab
  artifactKey: Guid(2e0367afa55fdff408c3383a37542f0b) Importer(815301076,1909f56bfc062723c751e8b465ee728b)
Start importing Assets/KatsBits-fantasy-base/Prefabs/Walls_grey/Wall.Blk.Cnr.Sqr.Fill.prefab using Guid(2e0367afa55fdff408c3383a37542f0b) Importer(815301076,1909f56bfc062723c751e8b465ee728b)  -> (artifact id: '0536136ff69a1492d55efbd9154e62e3') in 0.066998 seconds 
========================================================================
Received Import Request.
  Time since last request: 0.000282 seconds.
  path: Assets/KatsBits-fantasy-base/Prefabs/Walls_orange/Pillar.Saddle.prefab
  artifactKey: Guid(e72ec3f52ad4866418456880b8d76056) Importer(815301076,1909f56bfc062723c751e8b465ee728b)
Start importing Assets/KatsBits-fantasy-base/Prefabs/Walls_orange/Pillar.Saddle.prefab using Guid(e72ec3f52ad4866418456880b8d76056) Importer(815301076,1909f56bfc062723c751e8b465ee728b)  -> (artifact id: 'b8f23aa82212efd80953e11e2b8b1cfe') in 0.059343 seconds 
========================================================================
Received Import Request.
  Time since last request: 0.000359 seconds.
  path: Assets/KatsBits-fantasy-base/Prefabs/Walls_grey/Wall.Arch.Btrss.prefab
  artifactKey: Guid(368cd8eb59461184dbfb77eff4bfd16f) Importer(815301076,1909f56bfc062723c751e8b465ee728b)
Start importing Assets/KatsBits-fantasy-base/Prefabs/Walls_grey/Wall.Arch.Btrss.prefab using Guid(368cd8eb59461184dbfb77eff4bfd16f) Importer(815301076,1909f56bfc062723c751e8b465ee728b)  -> (artifact id: '6630e2eee432f705cf6c4133e5b305ab') in 0.078068 seconds 
========================================================================
Received Import Request.
  Time since last request: 0.000293 seconds.
  path: Assets/KatsBits-fantasy-base/Prefabs/Walls_red/Wall.1U.prefab
  artifactKey: Guid(230ba1c94b6276d4fa6956354d696376) Importer(815301076,1909f56bfc062723c751e8b465ee728b)
Start importing Assets/KatsBits-fantasy-base/Prefabs/Walls_red/Wall.1U.prefab using Guid(230ba1c94b6276d4fa6956354d696376) Importer(815301076,1909f56bfc062723c751e8b465ee728b)  -> (artifact id: '81a6ecd638762e34aefecda16d82df2a') in 0.050090 seconds 
========================================================================
Received Import Request.
  Time since last request: 0.000293 seconds.
  path: Assets/KatsBits-fantasy-base/Prefabs/Walls_red/Wall.Arch.Btrss.prefab
  artifactKey: Guid(f293123cb3e0839418823f20a13b2daf) Importer(815301076,1909f56bfc062723c751e8b465ee728b)
Start importing Assets/KatsBits-fantasy-base/Prefabs/Walls_red/Wall.Arch.Btrss.prefab using Guid(f293123cb3e0839418823f20a13b2daf) Importer(815301076,1909f56bfc062723c751e8b465ee728b)  -> (artifact id: 'eb34ca68ce910d70d159cd5130e5e6ff') in 0.053297 seconds 
========================================================================
Received Import Request.
  Time since last request: 0.000354 seconds.
  path: Assets/KatsBits-fantasy-base/Prefabs/Walls_orange/Wall.Arch.End.prefab
  artifactKey: Guid(abb981c7fc473af4d823a71c9b6aad30) Importer(815301076,1909f56bfc062723c751e8b465ee728b)
Start importing Assets/KatsBits-fantasy-base/Prefabs/Walls_orange/Wall.Arch.End.prefab using Guid(abb981c7fc473af4d823a71c9b6aad30) Importer(815301076,1909f56bfc062723c751e8b465ee728b)  -> (artifact id: '397325bbf0a8b59ed7655cf96afc9a5c') in 0.076110 seconds 
========================================================================
Received Import Request.
  Time since last request: 0.000339 seconds.
  path: Assets/KatsBits-fantasy-base/Prefabs/Walls_red/Wall.4U.prefab
  artifactKey: Guid(4601724bab0e9cc4e990b26637bc8db0) Importer(815301076,1909f56bfc062723c751e8b465ee728b)
Start importing Assets/KatsBits-fantasy-base/Prefabs/Walls_red/Wall.4U.prefab using Guid(4601724bab0e9cc4e990b26637bc8db0) Importer(815301076,1909f56bfc062723c751e8b465ee728b)  -> (artifact id: '339804625cdfe957414a50b663fe9f29') in 0.048680 seconds 
========================================================================
Received Import Request.
  Time since last request: 0.000341 seconds.
  path: Assets/KatsBits-fantasy-base/Prefabs/Walls_orange/Wall.Blk.Cnr.Sqr.prefab
  artifactKey: Guid(8e06d0adf3f51b142a97de969c5f2c20) Importer(815301076,1909f56bfc062723c751e8b465ee728b)
Start importing Assets/KatsBits-fantasy-base/Prefabs/Walls_orange/Wall.Blk.Cnr.Sqr.prefab using Guid(8e06d0adf3f51b142a97de969c5f2c20) Importer(815301076,1909f56bfc062723c751e8b465ee728b)  -> (artifact id: 'ec137bc59ebfc92e8d162b9dd2537f90') in 0.057438 seconds 
========================================================================
Received Import Request.
  Time since last request: 0.018736 seconds.
  path: Assets/KatsBits-fantasy-base/Prefabs/Walls_grey/Wall.1U.prefab
  artifactKey: Guid(6b942b615323d0746b08fa815dc4fa0e) Importer(815301076,1909f56bfc062723c751e8b465ee728b)
Start importing Assets/KatsBits-fantasy-base/Prefabs/Walls_grey/Wall.1U.prefab using Guid(6b942b615323d0746b08fa815dc4fa0e) Importer(815301076,1909f56bfc062723c751e8b465ee728b)  -> (artifact id: 'ebd28e70c4aa2983cbb1175c23068ece') in 0.110015 seconds 
========================================================================
Received Import Request.
  Time since last request: 0.000301 seconds.
  path: Assets/KatsBits-fantasy-base/Prefabs/Walls_red/Wall.X.prefab
  artifactKey: Guid(11b9c5d8d2d622c4cbe93308ef862e92) Importer(815301076,1909f56bfc062723c751e8b465ee728b)
Start importing Assets/KatsBits-fantasy-base/Prefabs/Walls_red/Wall.X.prefab using Guid(11b9c5d8d2d622c4cbe93308ef862e92) Importer(815301076,1909f56bfc062723c751e8b465ee728b)  -> (artifact id: 'b0731d731c9ccaf6b2a94cf2e8e476dc') in 0.114664 seconds 
========================================================================
Received Import Request.
  Time since last request: 0.000262 seconds.
  path: Assets/KatsBits-fantasy-base/Prefabs/Walls_red/Wall.Fill.05U.prefab
  artifactKey: Guid(03f600f9c01eecc47b43367941cc8414) Importer(815301076,1909f56bfc062723c751e8b465ee728b)
Start importing Assets/KatsBits-fantasy-base/Prefabs/Walls_red/Wall.Fill.05U.prefab using Guid(03f600f9c01eecc47b43367941cc8414) Importer(815301076,1909f56bfc062723c751e8b465ee728b)  -> (artifact id: 'dbb3c481b71f1ef67ec87f53242dc462') in 0.059077 seconds 
========================================================================
Received Import Request.
  Time since last request: 0.000472 seconds.
  path: Assets/KatsBits-fantasy-base/Prefabs/Walls_orange/Wall.Blk.Crn.Rnd.Fill.prefab
  artifactKey: Guid(5953a3fb264434c4b9dcc6df6ec9a361) Importer(815301076,1909f56bfc062723c751e8b465ee728b)
Start importing Assets/KatsBits-fantasy-base/Prefabs/Walls_orange/Wall.Blk.Crn.Rnd.Fill.prefab using Guid(5953a3fb264434c4b9dcc6df6ec9a361) Importer(815301076,1909f56bfc062723c751e8b465ee728b)  -> (artifact id: 'ea7441a86f174e049623ff519a3f5174') in 0.064533 seconds 
========================================================================
Received Import Request.
  Time since last request: 0.000346 seconds.
  path: Assets/KatsBits-fantasy-base/Prefabs/Walls_orange/Wall.Blk.Crn.Rnd.prefab
  artifactKey: Guid(bf9a166efca2f1741ab5cccd55d8ad1f) Importer(815301076,1909f56bfc062723c751e8b465ee728b)
Start importing Assets/KatsBits-fantasy-base/Prefabs/Walls_orange/Wall.Blk.Crn.Rnd.prefab using Guid(bf9a166efca2f1741ab5cccd55d8ad1f) Importer(815301076,1909f56bfc062723c751e8b465ee728b)  -> (artifact id: 'a7f3cc7b9a0801382227f309a030f712') in 0.055323 seconds 
========================================================================
Received Import Request.
  Time since last request: 0.000523 seconds.
  path: Assets/KatsBits-fantasy-base/Prefabs/Walls_red/Wall.Blk.Cnr.Sqr.prefab
  artifactKey: Guid(483d2bd186ee91e489b5226400b036da) Importer(815301076,1909f56bfc062723c751e8b465ee728b)
Start importing Assets/KatsBits-fantasy-base/Prefabs/Walls_red/Wall.Blk.Cnr.Sqr.prefab using Guid(483d2bd186ee91e489b5226400b036da) Importer(815301076,1909f56bfc062723c751e8b465ee728b)  -> (artifact id: 'abee2641646d7b3ed4f7561e7a75e212') in 0.056949 seconds 
========================================================================
Received Import Request.
  Time since last request: 0.000298 seconds.
  path: Assets/KatsBits-fantasy-base/Prefabs/Walls_orange/Wall.Arch.Crn.R.prefab
  artifactKey: Guid(3d6f181e35dda2544b73d8131a17145d) Importer(815301076,1909f56bfc062723c751e8b465ee728b)
Start importing Assets/KatsBits-fantasy-base/Prefabs/Walls_orange/Wall.Arch.Crn.R.prefab using Guid(3d6f181e35dda2544b73d8131a17145d) Importer(815301076,1909f56bfc062723c751e8b465ee728b)  -> (artifact id: '3c31eac0db03dc36e7bfa85f679e0608') in 0.051874 seconds 
========================================================================
Received Import Request.
  Time since last request: 0.000377 seconds.
  path: Assets/KatsBits-fantasy-base/Prefabs/Walls_orange/Wall.Arch.Fill.prefab
  artifactKey: Guid(377e0cbafec8bb544bc286ad1ee2a244) Importer(815301076,1909f56bfc062723c751e8b465ee728b)
Start importing Assets/KatsBits-fantasy-base/Prefabs/Walls_orange/Wall.Arch.Fill.prefab using Guid(377e0cbafec8bb544bc286ad1ee2a244) Importer(815301076,1909f56bfc062723c751e8b465ee728b)  -> (artifact id: '9322060e050e9168b7b268a40d6c8ec4') in 0.049752 seconds 
========================================================================
Received Import Request.
  Time since last request: 0.000301 seconds.
  path: Assets/KatsBits-fantasy-base/Prefabs/Walls_grey/Wall.Arch.Fill.prefab
  artifactKey: Guid(fc7e68f45b0daa5459c3cd1b84bcb132) Importer(815301076,1909f56bfc062723c751e8b465ee728b)
Start importing Assets/KatsBits-fantasy-base/Prefabs/Walls_grey/Wall.Arch.Fill.prefab using Guid(fc7e68f45b0daa5459c3cd1b84bcb132) Importer(815301076,1909f56bfc062723c751e8b465ee728b)  -> (artifact id: 'cf8e9b827171f5853aaeb0b50aebaa28') in 0.053540 seconds 
========================================================================
Received Import Request.
  Time since last request: 0.000330 seconds.
  path: Assets/KatsBits-fantasy-base/Prefabs/Walls_red/Wall.Arch.Sqr.Beams.prefab
  artifactKey: Guid(973d13f7a76a25a438045e870303d099) Importer(815301076,1909f56bfc062723c751e8b465ee728b)
Start importing Assets/KatsBits-fantasy-base/Prefabs/Walls_red/Wall.Arch.Sqr.Beams.prefab using Guid(973d13f7a76a25a438045e870303d099) Importer(815301076,1909f56bfc062723c751e8b465ee728b)  -> (artifact id: '25e012597cb80608315de381ddc52bb7') in 0.055032 seconds 
========================================================================
Received Import Request.
  Time since last request: 0.000258 seconds.
  path: Assets/KatsBits-fantasy-base/Prefabs/Walls_grey/Wall.Arch.Crn.R.prefab
  artifactKey: Guid(315a33ad919f16347b52306520bf727f) Importer(815301076,1909f56bfc062723c751e8b465ee728b)
Start importing Assets/KatsBits-fantasy-base/Prefabs/Walls_grey/Wall.Arch.Crn.R.prefab using Guid(315a33ad919f16347b52306520bf727f) Importer(815301076,1909f56bfc062723c751e8b465ee728b)  -> (artifact id: 'a3d8fe326a429b705849619e5a57e32e') in 0.103422 seconds 
========================================================================
Received Import Request.
  Time since last request: 0.000273 seconds.
  path: Assets/KatsBits-fantasy-base/Prefabs/Walls_grey/Wall.2U.prefab
  artifactKey: Guid(46d38f08036238d40b40b06f56f56e30) Importer(815301076,1909f56bfc062723c751e8b465ee728b)
Start importing Assets/KatsBits-fantasy-base/Prefabs/Walls_grey/Wall.2U.prefab using Guid(46d38f08036238d40b40b06f56f56e30) Importer(815301076,1909f56bfc062723c751e8b465ee728b)  -> (artifact id: 'c52706d17243a9b974abafbd7e405d84') in 0.064413 seconds 
========================================================================
Received Import Request.
  Time since last request: 0.000339 seconds.
  path: Assets/KatsBits-fantasy-base/Prefabs/Walls_orange/Wall.Arch.Btrss.prefab
  artifactKey: Guid(da4c7f5fed632004490981a213c119a5) Importer(815301076,1909f56bfc062723c751e8b465ee728b)
Start importing Assets/KatsBits-fantasy-base/Prefabs/Walls_orange/Wall.Arch.Btrss.prefab using Guid(da4c7f5fed632004490981a213c119a5) Importer(815301076,1909f56bfc062723c751e8b465ee728b)  -> (artifact id: '747c6c65c67d390487132b24a648eb97') in 0.067621 seconds 
========================================================================
Received Import Request.
  Time since last request: 0.000319 seconds.
  path: Assets/KatsBits-fantasy-base/Prefabs/Walls_red/Pillar.Cnr.Inner.prefab
  artifactKey: Guid(963463ecbd3fc3b45a057c380672b38c) Importer(815301076,1909f56bfc062723c751e8b465ee728b)
Start importing Assets/KatsBits-fantasy-base/Prefabs/Walls_red/Pillar.Cnr.Inner.prefab using Guid(963463ecbd3fc3b45a057c380672b38c) Importer(815301076,1909f56bfc062723c751e8b465ee728b)  -> (artifact id: '400a98323f6270bdbbe0f7455f94a8ff') in 0.075747 seconds 
